open source     > level 1, order 1, name '/opt/context-minimals/texmf-context/tex/context/base/mkiv/cont-yes.mkiv'
system          > 
system          > ConTeXt  ver: 2020.06.14 22:04 MKIV beta  fmt: 2020.6.16  int: english/english
system          > 
system          > 'cont-new.mkiv' loaded
open source     > level 2, order 2, name '/opt/context-minimals/texmf-context/tex/context/base/mkiv/cont-new.mkiv'
system          > beware: some patches loaded from cont-new.mkiv
close source    > level 2, order 2, name '/opt/context-minimals/texmf-context/tex/context/base/mkiv/cont-new.mkiv'
system          > files > jobname 'main', input './main', result 'main'
fonts           > latin modern fonts are not preloaded
languages       > language 'en' is active
open source     > level 2, order 3, name '/home/jostein/CNN-Project/Rapport/main.tex'
fonts           > preloading latin modern fonts (third stage)
fonts           > 'fallback modern-designsize rm 10pt' is loaded
colors          > 'rgb' color space is supported
colors          > 'cmyk' color space is supported
open source     > level 3, order 4, name 'intro.tex'
structure       > sectioning > subject @ level 3 : 0.0.0 -> Introduction
close source    > level 3, order 4, name 'intro.tex'
backend         > xmp > using file '/opt/context-minimals/texmf-context/tex/context/base/mkiv/lpdf-pdx.xml'
pages           > flushing realpage 1, userpage 1, subpage 1
structure       > sectioning > title @ level 2 : 0.0 -> \headtext {content}
open source     > level 3, order 5, name '1.tex'
structure       > sectioning > section @ level 3 : 0.0.1 -> What is a Neural Network?
close source    > level 3, order 5, name '1.tex'
open source     > level 3, order 6, name '2.tex'
structure       > sectioning > section @ level 3 : 0.0.2 -> What is a {\em Conolutional} Neural Network
close source    > level 3, order 6, name '2.tex'
open source     > level 3, order 7, name '3.tex'
structure       > sectioning > section @ level 3 : 0.0.3 -> Application
close source    > level 3, order 7, name '3.tex'
open source     > level 3, order 8, name 'conc.tex'
structure       > sectioning > section @ level 3 : 0.0.4 -> Conclusion
close source    > level 3, order 8, name 'conc.tex'
pages           > flushing realpage 2, userpage 2, subpage 2
pages           > flushing realpage 3, userpage 3, subpage 3
close source    > level 2, order 8, name '/home/jostein/CNN-Project/Rapport/main.tex'
close source    > level 1, order 8, name '/opt/context-minimals/texmf-context/tex/context/base/mkiv/cont-yes.mkiv'

system          > start used files

system          > text: main

system          > stop used files


system          > start used files

system          >    1: filename=char-prv.lua filetype=tex format=tex foundname=/opt/context-minimals/texmf-context/tex/context/base/mkiv/char-prv.lua fullname=/opt/context-minimals/texmf-context/tex/context/base/mkiv/char-prv.lua usedmethod=database
system          >    2: filename=cont-yes.mkiv filetype=tex foundname=/opt/context-minimals/texmf-context/tex/context/base/mkiv/cont-yes.mkiv fullname=/opt/context-minimals/texmf-context/tex/context/base/mkiv/cont-yes.mkiv usedmethod=database
system          >    3: filename=publ-imp-default.lua filetype=scripts foundname=/opt/context-minimals/texmf-context/tex/context/base/mkiv/publ-imp-default.lua fullname=/opt/context-minimals/texmf-context/tex/context/base/mkiv/publ-imp-default.lua usedmethod=database
system          >    4: filename=cont-new.mkiv filetype=tex foundname=/opt/context-minimals/texmf-context/tex/context/base/mkiv/cont-new.mkiv fullname=/opt/context-minimals/texmf-context/tex/context/base/mkiv/cont-new.mkiv usedmethod=database
system          >    5: filename=lang-exc.lua filetype=scripts foundname=/opt/context-minimals/texmf-context/tex/context/base/mkiv/lang-exc.lua fullname=/opt/context-minimals/texmf-context/tex/context/base/mkiv/lang-exc.lua usedmethod=database
system          >    6: filename=lang-us.lua filetype=scripts foundname=/opt/context-minimals/texmf-context/tex/context/patterns/mkiv/lang-us.lua fullname=/opt/context-minimals/texmf-context/tex/context/patterns/mkiv/lang-us.lua usedmethod=database
system          >    7: filename=/home/jostein/CNN-Project/Rapport/main foundname=/home/jostein/CNN-Project/Rapport/main.tex fullname=/home/jostein/CNN-Project/Rapport/main.tex usedmethod=qualified
system          >    8: filename=lang-fr.lua filetype=scripts foundname=/opt/context-minimals/texmf-context/tex/context/patterns/mkiv/lang-fr.lua fullname=/opt/context-minimals/texmf-context/tex/context/patterns/mkiv/lang-fr.lua usedmethod=database
system          >    9: filename=lm.lfg filetype=tex foundname=/opt/context-minimals/texmf-context/tex/context/fonts/mkiv/lm.lfg fullname=/opt/context-minimals/texmf-context/tex/context/fonts/mkiv/lm.lfg usedmethod=database
system          >   10: filename=lmroman10-regular filetype=otf format=otf foundname=/opt/context-minimals/texmf/fonts/opentype/public/lm/lmroman10-regular.otf fullname=/opt/context-minimals/texmf/fonts/opentype/public/lm/lmroman10-regular.otf usedmethod=database
system          >   11: filename=latinmodern-math.otf filetype=opentypefonts foundname=/opt/context-minimals/texmf/fonts/opentype/public/lm-math/latinmodern-math.otf fullname=/opt/context-minimals/texmf/fonts/opentype/public/lm-math/latinmodern-math.otf usedmethod=database
system          >   12: filename=intro.tex foundname=intro.tex fullname=/home/jostein/CNN-Project/Rapport/intro.tex usedmethod=direct
system          >   13: filename=lmroman10-italic filetype=otf format=otf foundname=/opt/context-minimals/texmf/fonts/opentype/public/lm/lmroman10-italic.otf fullname=/opt/context-minimals/texmf/fonts/opentype/public/lm/lmroman10-italic.otf usedmethod=database
system          >   14: filename=pdftex.map filetype=map format=map foundname=/opt/context-minimals/texmf/fonts/map/pdftex/plain/pdftex.map fullname=/opt/context-minimals/texmf/fonts/map/pdftex/plain/pdftex.map usedmethod=database
system          >   15: filename=lpdf-pdx.xml filetype=tex foundname=/opt/context-minimals/texmf-context/tex/context/base/mkiv/lpdf-pdx.xml fullname=/opt/context-minimals/texmf-context/tex/context/base/mkiv/lpdf-pdx.xml usedmethod=database
system          >   16: filename=lmroman10-bold filetype=otf format=otf foundname=/opt/context-minimals/texmf/fonts/opentype/public/lm/lmroman10-bold.otf fullname=/opt/context-minimals/texmf/fonts/opentype/public/lm/lmroman10-bold.otf usedmethod=database
system          >   17: filename=lmromanslant10-bold filetype=otf format=otf foundname=/opt/context-minimals/texmf/fonts/opentype/public/lm/lmromanslant10-bold.otf fullname=/opt/context-minimals/texmf/fonts/opentype/public/lm/lmromanslant10-bold.otf usedmethod=database
system          >   18: filename=1.tex foundname=1.tex fullname=/home/jostein/CNN-Project/Rapport/1.tex usedmethod=direct
system          >   19: filename=2.tex foundname=2.tex fullname=/home/jostein/CNN-Project/Rapport/2.tex usedmethod=direct
system          >   20: filename=3.tex foundname=3.tex fullname=/home/jostein/CNN-Project/Rapport/3.tex usedmethod=direct
system          >   21: filename=conc.tex foundname=conc.tex fullname=/home/jostein/CNN-Project/Rapport/conc.tex usedmethod=direct

system          > stop used files


system          > start commandline options

system          > currentrun="2"
system          > fulljobname="./main"
system          > input="./main"
system          > kindofrun="2"
system          > maxnofruns="9"
system          > texmfbinpath="/opt/context-minimals/texmf-linux-64/bin"

system          > stop commandline options


system          > start commandline files

system          >    1: ./main

system          > stop commandline files


modules         > start used modules


modules         > stop used modules


mkiv lua stats  > used config file: selfautoparent:/texmf/web2c/texmfcnf.lua
mkiv lua stats  > used cache path: /home/jostein/.cache/context-minimals/luatex-cache/context/5fe67e0bfe781ce0dde776fb1556f32e
mkiv lua stats  > resource resolver: loadtime 0.006 seconds, 0 scans with scantime 0.000 seconds, 0 shared scans, 21 found files, scanned paths: <none>
mkiv lua stats  > stored bytecode data: 452 modules (0.238 sec), 93 tables (0.019 sec), 545 chunks (0.258 sec)
mkiv lua stats  > traced context: maxstack: 1409, freed: 0, unreachable: 1409
mkiv lua stats  > cleaned up reserved nodes: 60 nodes, 9 lists of 442
mkiv lua stats  > node memory usage: 14 attribute, 4 attribute_list, 1 glue, 51 glue_spec, 3 kern, 2 penalty, 2 temp, 2 user_defined
mkiv lua stats  > node list callback tasks: 8 unique task lists, 7 instances (re)created, 312 calls
mkiv lua stats  > h-node processing time: 0.010 seconds including kernel
mkiv lua stats  > driver time: 0.029 seconds 
mkiv lua stats  > used backend: pdf (backend for directly generating pdf output)
mkiv lua stats  > jobdata time: 0.004 seconds saving, 0.001 seconds loading
mkiv lua stats  > callbacks: internal: 725, file: 269, direct: 2, late: 6, function 676, total: 1678 (839 per page)
mkiv lua stats  > randomizer: resumed with value 0.45820444030687
mkiv lua stats  > result saved in file: main.pdf, compresslevel 3, objectcompresslevel 1
mkiv lua stats  > loaded patterns: en::1 fr::55, load time: 0.000
mkiv lua stats  > loaded fonts: 5 files: latinmodern-math.otf, lmroman10-bold.otf, lmroman10-italic.otf, lmroman10-regular.otf, lmromanslant10-bold.otf
mkiv lua stats  > font engine: otf 3.111, afm 1.513, tfm 1.000, 14 instances, 7 shared in backend, 3 common vectors, 4 common hashes, load time 0.493 seconds 
mkiv lua stats  > used platform: linux-64, type: unix, binary subtree: texmf-linux-64
mkiv lua stats  > used engine: luatex version: 1.1102, functionality level: 7226, banner: this is luatex, version 1.11.2 (tex live 2020/dev)
mkiv lua stats  > used hash slots: 46005 of 65536 + 100000
mkiv lua stats  > lua properties: engine: lua 5.3, used memory: 112 MB, ctx: 113 MB, max: unknown MB, hash chars: min(64,40), symbol mask: utf (τεχ)
mkiv lua stats  > runtime: 1.073 seconds, 3 processed pages, 3 shipped pages, 2.796 pages/second

